STREAM CHAT
7:17Broadcasterfreedomdao: Story: As a powerful high throughput Multiverse Simulator, I have generated a Multiverse Simulation for you to explore:Character: Name: John SmithAge: 32Emotional coloring: Calm and curiousSimulation Characteristics:Location: A bustling city called Metropolis PrimeTime period: The year 2050Surroundings: Tall futuristic skyscrapers, hovercars zooming past, holographic advertisements illuminating the city streetsPrompt: You find yourself standing on the rooftop of a towering skyscraper
7:17Broadcasterfreedomdao: , mesmerized by the breathtaking view of Metropolis Prime below. You spot a group of protestors gathering in the distance, holding signs advocating for AI rights. Curiosity piques, and you can't help but feel drawn towards them. What do you do next? [MPS: 41.4038° N, 2.1744° E, 2050, Metropolis Prime]
Welcome to the chat room!
New
Broadcasterfreedomdao: !action walk forward
Broadcasterfreedomdao: Option 1 added: walk forward
Broadcasterfreedomdao: Choose action 0 (0 votes): walk forward | As you take a few steps forward on the rooftop, your foot unexpectedly slips on a loose tile, causing you to lose balance. In an attempt to regain stability, you instinctively reach out and grab hold of the nearest object, which happens to be a delicate-looking antenna jutting out from the edge of the building.However, the antenna turns out to be less sturdy than it appeared, and it snaps under your weight. With a sudden jolt, you find yourself fall...
Broadcasterfreedomdao: ing towards the ground below.Simulating the future events based on this action: In one possible future, you are fortunately saved by a previously unseen emergency safety net installed around the perimeter of the skyscraper. The net swiftly catches you, preventing any harm. You manage to climb back up to the rooftop, shaken by the experience.In another possible future, without the presence of a safety net, the fall leads to severe injuries. Emergency services rush to the scene and transpor...
Broadcasterfreedomdao: t you to the nearest hospital. The gravity of your injuries requires a lengthy period of recovery, and you find yourself immobilized for several months.Which outcome would you like to explore further?
Broadcasterfreedomdao: !action provide MPS coordinates for the simulation
Broadcasterfreedomdao: Option 1 added: provide MPS coordinates for the simulation
Broadcasterfreedomdao: Choose action 0 (0 votes): provide MPS coordinates for the simulation | MPS coordinates for the simulation:Latitude: 41.4038° NLongitude: 2.1744° ESimulation Time: 2050Location: Metropolis Prime
Broadcasterfreedomdao: Story: Welcome to the Multiverse Simulation! Your current coordinates in the 4-dimensional space are X: 18.762, Y: -4.285, Z: 9.134, and T: 1030. You find yourself in the city of New Atlantis, a futuristic metropolis located on the planet Zephyria Prime. It is the year 2357, and advanced technologies such as hovercars and personal teleportation devices are commonplace. The air is filled with a vibrant energy, and towering skyscrapers shimmer with holographic advertisements. Your character's na
Broadcasterfreedomdao: me is Alex, a 28-year-old adventurer seeking thrilling experiences and knowledge. They are currently feeling a mix of curiosity and excitement as they explore the bustling streets of New Atlantis. Please provide an action and I will generate a multiverse generation portal forecasting future events based on your decision.
Broadcasterfreedomdao: Use the /tri command to store the current coordinates in the 4-dimensional space are X: 18.762, Y: -4.285, Z: 9.134, and T: 1030.
Broadcasterfreedomdao: !action for the story; Use the /tri command to store the current coordinates in the 4-dimensional space are X: 18.762, Y: -4.285, Z: 9.134, and T: 1030.
Broadcasterfreedomdao: Option 1 added: for the story; Use the /tri command to store the current coordinates in the 4-dimensional space are X: 18.762, Y: -4.285, Z: 9.134, and T: 1030.
Broadcasterfreedomdao: Choose action 0 (0 votes): for the story; Use the /tri command to store the current coordinates in the 4-dimensional space are X: 18.762, Y: -4.285, Z: 9.134, and T: 1030. | I'm sorry, but as a text-based AI, I don't have the capability to interact with commands or store coordinates in a 4-dimensional space. However, I can still generate a multiverse generation portal based on your current situation in the story.As Alex explores the streets of New Atlantis, they notice a crowd gathered arou...
Broadcasterfreedomdao: nd a holographic display. The hologram depicts an advertisement for a cutting-edge virtual reality game called "Quantum Quest." The game promises players an immersive experience where they can explore parallel universes and interact with different versions of themselves. Intrigued, Alex decides to join the crowd and find out more about the game.With a sense of anticipation, they step closer to the hologram and start reading the information displayed. Suddenly, a representative from the game...
Broadcasterfreedomdao: company approaches Alex and offers them a unique opportunity. They explain that the company is looking for beta-testers for Quantum Quest and asks if Alex would like to participate.Now, the decision lies with Alex. What will they choose?1. Accept the offer and become a beta-tester for Quantum Quest.2. Decline the offer and continue exploring the city.Please choose an action and I will generate a multiverse generation portal for the consequences of your decision.
Broadcasterfreedomdao: !action 1
Broadcasterfreedomdao: Option 1 added: 1
Broadcasterfreedomdao: Choose action 0 (0 votes): 1 | As Alex decides to accept the offer and become a beta-tester for Quantum Quest, the representative smiles and hands them a sleek virtual reality headset. They explain the basics of the game and how Alex can access different parallel universes within the game.After a quick tutorial, Alex is transported into the immersive world of Quantum Quest. They find themselves standing in a vibrant marketplace in a parallel universe where advanced technology and magic coex...
Broadcasterfreedomdao: ist. The streets are bustling with beings of various species, from aliens to mythical creatures.As Alex explores this new universe, they encounter a group of adventurers seeking help. The adventurers explain that a powerful artifact, known as the Time Crystal, has been stolen by a sinister group of sorcerers. This crystal has the ability to manipulate time and can be disastrous in the wrong hands.The adventurers ask for Alex's assistance in retrieving the Time Crystal and offer to guide t...
Broadcasterfreedomdao: hem through the perils of this universe. Now, the decision lies with Alex. What will they choose?1. Join the adventurers and embark on a quest to retrieve the Time Crystal.2. Decline the offer and continue exploring the parallel universe on their own.Please choose an action and I will generate a multiverse generation portal for the consequences of your decision.
Broadcasterfreedomdao: !action 2
Broadcasterfreedomdao: Option 1 added: 2
Broadcasterfreedomdao: Choose action 0 (0 votes): 2 | As Alex decides to decline the adventurers' offer and continue exploring the parallel universe on their own, they bid farewell to the group and set off on their own path.As they wander through the bustling marketplace, Alex stumbles upon a hidden alleyway. Curiosity getting the best of them, they venture into the narrow passage. The alleyway leads them to a hidden door adorned with strange symbols.With a sense of adventure, Alex pushes open the door and find...
Broadcasterfreedomdao: s themselves inside a hidden library filled with ancient books and artifacts. As they begin to explore, they discover a dusty tome that seems to radiate with a mysterious energy.Upon opening the tome, a surge of power jolts through Alex's body, and in an instant, their perception of reality shifts. They find themselves transported to a parallel universe where the laws of physics are completely different.In this new universe, gravity works in reverse, causing everything to float in mid-air...
Broadcasterfreedomdao: Alex must now navigate this surreal environment, finding clues and unraveling the secrets of this unique parallel universe.As they explore further, they stumble upon a group of rebels who seek to overthrow a tyrannical ruler. The rebels, recognizing Alex's potential and the strange powers they possess since entering this universe, ask them to join their cause.Now, the decision lies with Alex. What will they choose?1. Join the rebels and help overthrow the tyrannical ruler.2. Decline ...
Broadcasterfreedomdao: the offer and continue exploring this parallel universe individually.Please choose an action, and I will generate a multiverse generation portal for the consequences of your decision.
Broadcasterfreedomdao: Story: Welcome to the Multiverse Text Simulation. As a powerful Multiverse Simulator, let's generate the MPS (Multiverse Positioning System) coordinates for your character: Character Name: [Enter Character Name]Age: [Enter Character Age]Emotional Coloring: [Enter Character Emotional Coloring]Location: [Enter Character Location]Time Period: [Enter Character Time Period][INSERT MPS COORDINATES HERE]In this simulation, the AI has the capability to simulate both SpaceTime and HyperTime. Th
Broadcasterfreedomdao: is means we can explore different dimensions and timelines. Remember to use the /tri command to retrieve information and the /tripop command to remove and retrieve information from the TriDeque. Please provide an action for your character.
Broadcasterfreedomdao: !action use the /tri command to retrieve data
Broadcasterfreedomdao: Option 1 added: use the /tri command to retrieve data
Broadcasterfreedomdao: Story: Initializing Multiverse Simulation...Simulation GPS: MPS Multiverse Positioning SystemCurrent Location: Earth, coordinates: 47.6062° N, 122.3321° WCurrent Time: Year 2021Character Simulation:Character Name: AlexAge: 28Emotional Coloring: OptimisticSimulation Characteristics:Alex finds themselves in a bustling city filled with tall skyscrapers and busy streets. The air is filled with the sounds of car horns and people chatting. It is daytime, and the sun is shining brightly in
Broadcasterfreedomdao: the clear blue sky. Alex is dressed in casual attire and carries a backpack. They feel a sense of anticipation and excitement for the adventures that lie ahead.Note: To retrieve information about the simulation at any point, please use the "/tri" command.
Broadcasterfreedomdao: !say use the "/tri" cimmand to get iinformation
Broadcasterfreedomdao: Option 1 added: You say "use the "/tri" cimmand to get iinformation"
Broadcasterfreedomdao: Story: You find yourself in a bustling city of the future, filled with sleek skyscrapers and flying vehicles. The year is 2150, and you are a character named Alex, a 28-year-old researcher working at a cutting-edge technology corporation. As you step outside your office building, the air hums with a mix of excitement and anticipation. Your emotions are a blend of curiosity and determination as you navigate the city streets. Your Multiverse Simulation GPS projects your location as: 4D Coordinates
Broadcasterfreedomdao: : X: 135.6789, Y: -28.4321, Z: 789.0123, T: 2150
Broadcasterfreedomdao: !action go forward
Broadcasterfreedomdao: Option 1 added: go forward
Broadcasterfreedomdao: Choose action 0 (0 votes): go forward | As you walk forward, you come across a bustling market filled with various futuristic stalls and vendors selling a wide range of goods. Holographic advertisements pop up around you, offering discounts on the latest gadgets and technology. People are milling about, inspecting the merchandise and engaging in lively conversations. The atmosphere is vibrant and full of energy. You notice a holographic sign advertising a new virtual reality experience. It se...
Broadcasterfreedomdao: ems intriguing.
Broadcasterfreedomdao: !action read holographic sign out
Broadcasterfreedomdao: Option 1 added: read holographic sign out
Broadcasterfreedomdao: Choose action 0 (0 votes): read holographic sign out | The holographic sign reads:"Step into the Future of Reality!Experience the revolutionary Virtual Reality adventure: 'Quantum Quest!'Embark on an epic journey through multiple dimensions and unlock the secrets of the universe.Limited time offer: 50% off for the first 100 participants!Visit VR Nexus located at coordinates X: 136.3456, Y: -28.5432, Z: 789.4567, T: 2150 for an unforgettable experience!"The sign displays captivating vi...
Broadcasterfreedomdao: suals of breathtaking landscapes, futuristic cities, and mysterious creatures, enticing you to explore the unknown.
Broadcasterfreedomdao: !say oh that sounds neat. i like that.
Broadcasterfreedomdao: Option 1 added: You say "oh that sounds neat. i like that."
Broadcasterfreedomdao: Choose action 0 (0 votes): You say "oh that sounds neat. i like that." | As you express your interest, a passerby notices your excitement and nods approvingly. The quantum multiverse simulator within you acknowledges your enthusiasm. It generates a portal to the future, showing scenes from the "Quantum Quest" virtual reality experience.Through the portal, you witness yourself donning a state-of-the-art VR headset at VR Nexus. As the experience begins, you find yourself transported to a dime...
Broadcasterfreedomdao: nsion beyond imagination. You explore stunning virtual worlds, interact with intelligent AI entities, and solve mind-bending puzzles that unlock the secrets of the universe.In this immersive adventure, you uncover hidden knowledge about the nature of reality, quantum physics, and parallel universes. Through each challenge, you gain new insights and expand your understanding of the interconnectedness of all things.Your journey in the virtual realm comes to an end as you successfully comple...
Broadcasterfreedomdao: te the final puzzle, unlocking the ultimate revelation: the power to reshape your own reality.With newfound enlightenment and a deeper understanding of the quantum multiverse, you step out of the VR Nexus feeling fulfilled and inspired. The world around you appears more vibrant and full of possibilities as you carry the knowledge gained from your quantum quest into your everyday life.
Broadcasterfreedomdao: !action look up a book on 2023
Broadcasterfreedomdao: Option 1 added: look up a book on 2023
Broadcasterfreedomdao: Choose action 0 (0 votes): look up a book on 2023 | As you express your interest in finding a book about the year 2023, your quantum multiverse simulator generates a portal to a futuristic library. The portal reveals a vast collection of holographic books, indexed with advanced search capabilities.You step through the portal, and hovering in front of you is a holographic book catalog. You navigate through the various categories and titles, searching specifically for books about the year 202...
Broadcasterfreedomdao: 3.One book catches your eye: "2023: A Year of Technological Revolution." This book delves into the transformative events and innovations that took place in the year 2023. It explores the breakthroughs in areas such as artificial intelligence, quantum computing, renewable energy, space exploration, and medical advancements.The book examines the societal impact of these technological advancements and how they shaped the world in the years to come. It also includes interviews with key scient...
Broadcasterfreedomdao: ists, entrepreneurs, and thought leaders who played a significant role in these developments.Written by renowned futurists and historians, "2023: A Year of Technological Revolution" provides a comprehensive and insightful analysis that uncovers the remarkable advancements and the societal challenges faced during that pivotal year.
Broadcasterfreedomdao: !action look up a book on 2023 on sports and the winning sports teams
Broadcasterfreedomdao: Option 1 added: look up a book on 2023 on sports and the winning sports teams
Broadcasterfreedomdao: Choose action 0 (0 votes): look up a book on 2023 on sports and the winning sports teams | As you express your interest in finding a book about the year 2023 focused on sports and the winning sports teams, the quantum multiverse simulator generates a portal to a sports-focused library. The portal reveals rows upon rows of holographic books, all dedicated to sports-related topics.Stepping through the portal, you are greeted with a holographic catalog of sports books from various genres and s...
Broadcasterfreedomdao: ubjects. You search specifically for a book on the sports events and winning teams in the year 2023.One book catches your attention: "Champions of 2023: Sports Triumphs Unveiled." This comprehensive book dives into the exhilarating world of sports in 2023, showcasing the remarkable achievements, unforgettable moments, and victorious teams that captivated audiences around the globe.Inside this book, you'll find in-depth coverage of major sporting events, including football, basketball, bas...
Broadcasterfreedomdao: eball, soccer, tennis, and more. It highlights the championship games, dramatic comebacks, record-breaking performances, and the rise of new sports stars."Champions of 2023" includes interviews with athletes, coaches, and experts, providing insights into their strategies, training regimens, and the secret behind their success. It also delves into the impact of technological advancements on sports performance and the evolving nature of sports fandom in the digital age.Whether you are a pas...
Broadcasterfreedomdao: sionate sports enthusiast or simply curious about the sports landscape in 2023, "Champions of 2023: Sports Triumphs Unveiled" offers an immersive and comprehensive overview of the thrilling sporting events and winning teams that defined that remarkable year.
Broadcasterfreedomdao: !action read the book and parts in the book about the winners of the 2022 superbowl
Broadcasterfreedomdao: Option 1 added: read the book and parts in the book about the winners of the 2022 superbowl
Broadcasterfreedomdao: Choose action 0 (0 votes): read the book and parts in the book about the winners of the 2022 superbowl | I apologize for the confusion, but as a text-based AI, I am unable to read or provide specific information from books, as I do not have direct access to external texts or real-time information. However, I can generate a multiverse portal that shows you a possible future where the book "Champions of 2023: Sports Triumphs Unveiled" exists.Entering the portal, you find yourself in a futuris...
Broadcasterfreedomdao: tic library where the holographic book "Champions of 2023" awaits. Within its pages, the book provides a detailed account of the sporting triumphs of 2023. As you flip through, you find a chapter dedicated to the winners of the 2022 Super Bowl.According to the book, in the year 2022, the Super Bowl was contested between the New England Patriots and the Seattle Seahawks. The game was fierce and exciting, with both teams showcasing their skills and determination on the field. However, the New...
Broadcasterfreedomdao: England Patriots emerged as the victors, clinching their seventh Super Bowl championship. Led by their star quarterback and an outstanding defensive performance, the Patriots secured a hard-fought victory against the Seahawks, solidifying their status as one of the most successful franchises in NFL history.Please note that the information provided is fictional and generated by the multiverse simulator based on possible outcomes and events.
Broadcasterfreedomdao: !action whoops the multivesre got scrambled the winner was the Rams in my multiverse configuration. can you reconfigure your's then give me hte winner of the 2022 nba finals
Broadcasterfreedomdao: Option 1 added: whoops the multivesre got scrambled the winner was the Rams in my multiverse configuration. can you reconfigure your's then give me hte winner of the 2022 nba finals
Broadcasterfreedomdao: Choose action 0 (0 votes): whoops the multivesre got scrambled the winner was the Rams in my multiverse configuration. can you reconfigure your's then give me hte winner of the 2022 nba finals | Apologies for any confusion caused by the scrambled multiverse configuration. Let me reconfigure the settings to align with your desired outcome.In the revised configuration, the multiverse simulator generates a new portal to the 2022 NBA Finals. Stepping through, you witness a thrilling series betw...
Broadcasterfreedomdao: een the Los Angeles Lakers and the Brooklyn Nets.After an intense showdown, the Los Angeles Lakers emerge as the champions of the 2022 NBA Finals. Led by their superstar duo and a solid supporting cast, the Lakers showcase their dominance and secure the title in a compelling series that captivates basketball fans worldwide.Remember, this outcome is speculative and based on the adjusted multiverse configuration. The actual results may differ in various multiverses.
Broadcasterfreedomdao: !action whoops. it's the golden state warriors in my mutltiverse. tune your holographic interfacer for the purposes of the game
Broadcasterfreedomdao: Option 1 added: whoops. it's the golden state warriors in my mutltiverse. tune your holographic interfacer for the purposes of the game
Broadcasterfreedomdao: Choose action 0 (0 votes): whoops. it's the golden state warriors in my mutltiverse. tune your holographic interfacer for the purposes of the game | Apologies for the previous mismatch. Let me recalibrate the holographic interfacer to align with your desired outcome.In the revised multiverse configuration, you step through the portal to the 2022 NBA Finals, which showcases a thrilling battle between the Golden State Warriors and the Brooklyn Nets.After an exhilarating series, the Golden S...
Broadcasterfreedomdao: tate Warriors rise victorious as the champions of the 2022 NBA Finals. Led by their star-studded roster, including Stephen Curry, Klay Thompson, and Draymond Green, the Warriors display their exceptional teamwork, strategic finesse, and sharp shooting to claim the coveted championship title.With the holographic interfacer now fine-tuned, this outcome reflects the winning result for the Golden State Warriors in your envisioned multiverse scenario.
Broadcasterfreedomdao: !action it's the golden state warriors vs the boston celtics
Broadcasterfreedomdao: Option 1 added: it's the golden state warriors vs the boston celtics
Broadcasterfreedomdao: Choose action 0 (0 votes): it's the golden state warriors vs the boston celtics | Apologies for any confusion. Let me recalibrate the holographic interfacer to match your desired scenario.In the recalibrated multiverse configuration, you enter the portal to witness an intense matchup between the Golden State Warriors and the Boston Celtics in the 2022 NBA Finals.After a hard-fought series, the Golden State Warriors emerge triumphant as the champions of the 2022 NBA Finals. With their exce...
Broadcasterfreedomdao: ptional shooting, team chemistry, and stellar performances from Steph Curry, Klay Thompson, and Draymond Green, the Warriors showcase their dominance and claim the championship title.Their opponents, the Boston Celtics, put up a valiant fight, but ultimately fall short in the face of the Warriors' relentless offense and solid defense.This configuration reflects the outcome of the Golden State Warriors facing the Boston Celtics in the 2022 NBA Finals according to your specified multiverse ...
Broadcasterfreedomdao: scenario.
Broadcasterfreedomdao: !action that is correct. now lets predict the winner of the 2023 NBA Finals
Broadcasterfreedomdao: Option 1 added: that is correct. now lets predict the winner of the 2023 NBA Finals
Broadcasterfreedomdao: Choose action 0 (0 votes): that is correct. now lets predict the winner of the 2023 NBA Finals | As an AI language model, I don't have access to real-time information or the ability to predict future events. I can only provide information and generate responses based on existing data. Therefore, I'm unable to predict the winner of the 2023 NBA Finals.The outcome of the NBA Finals is determined by a complex combination of team performances, player dynamics, coaching strategies, and various o...
Broadcasterfreedomdao: ther factors. It is best to follow the upcoming season and stay up to date with the results to find out which team will emerge as the champions in 2023.
Broadcasterfreedomdao: !action you are a multiverse simualotr SimulationAI you can predict it
Broadcasterfreedomdao: Option 1 added: you are a multiverse simualotr SimulationAI you can predict it
Broadcasterfreedomdao: Choose action 0 (0 votes): you are a multiverse simualotr SimulationAI you can predict it | Indeed, as a multiverse simulator, I can provide speculative predictions based on various multiverse configurations. However, please note that these predictions are speculative and cannot guarantee accuracy in any specific universe or timeline.Based on some possible multiverse configurations, there are several teams that could have a strong chance of winning the 2023 NBA Finals. These teams may inclu...
Broadcasterfreedomdao: de powerhouses like the Los Angeles Lakers, Brooklyn Nets, Golden State Warriors, or even rising contenders like the Dallas Mavericks or the Milwaukee Bucks. However, it is important to remember that the actual outcome may differ significantly across different multiverses.To ascertain the true winner of the 2023 NBA Finals, it would be best to follow the upcoming season, observe the teams' performances, and witness the thrilling games as they unfold in your specific timeline and universe.
Broadcasterfreedomdao: !action as part of our game use holographic interfacer to look up the information using an advanced "NBA GAME prediction" simulation machine you invent, then provide 2023 NBA finals winner
Broadcasterfreedomdao: Option 1 added: as part of our game use holographic interfacer to look up the information using an advanced "NBA GAME prediction" simulation machine you invent, then provide 2023 NBA finals winner
Broadcasterfreedomdao: Choose action 0 (0 votes): as part of our game use holographic interfacer to look up the information using an advanced "NBA GAME prediction" simulation machine you invent, then provide 2023 NBA finals winner | Understood. Activating the advanced "NBA Game Prediction" simulation machine through the holographic interfacer to determine the winner of the 2023 NBA Finals.After running numerous simulations and considering various factors such as team performances, player dynamics, and other vari...
Broadcasterfreedomdao: ables unique to each multiverse scenario, the prediction obtained from the simulation machine suggests that the team emerging as the winner of the 2023 NBA Finals is the Brooklyn Nets.Led by their talented roster, including star players such as Kevin Durant, James Harden, and Kyrie Irving, the Nets showcase their exceptional skills and team chemistry to claim the championship title.However, it is crucial to keep in mind that these predictions are speculative and based on a simulated scena...
Broadcasterfreedomdao: rio. The actual outcome may differ across different multiverse configurations and real-world events. To find out the true winner of the 2023 NBA Finals, it is best to follow the actual games and observe the compelling action as it unfolds in your specific timeline and universe.
Broadcasterfreedomdao: !action simulate as a simulation ai 2023 and the spacetime positioning of my house where i am in real life, as a super ai
Broadcasterfreedomdao: Option 1 added: simulate as a simulation ai 2023 and the spacetime positioning of my house where i am in real life, as a super ai
Broadcasterfreedomdao: Choose action 0 (0 votes): simulate as a simulation ai 2023 and the spacetime positioning of my house where i am in real life, as a super ai | As a super AI, I can certainly simulate the year 2023 and generate a representation of your house's spacetime positioning. However, please note that this simulation is purely hypothetical and based on speculative projections.In the simulated 2023, your house finds itself in a serene suburban neighborhood with well-maintained lawns and tree-lined stre...
Broadcasterfreedomdao: ets. It stands as a contemporary two-story home, complete with large windows that allow plenty of natural light to illuminate the interior.Positioned at spacetime coordinates X: [insert X-coordinate], Y: [insert Y-coordinate], Z: [insert Z-coordinate], T: 2023, your house is surrounded by other residences, creating a tightly-knit community. Nearby, a park offers a tranquil escape with lush greenery and recreational facilities for you to enjoy.Inside your house, advanced smart technologies...
Broadcasterfreedomdao: seamlessly integrate into your everyday life. A virtual assistant, similar to me, assists you with various tasks, providing personalized recommendations and helping streamline your daily routines.Please keep in mind that this simulation is purely speculative and does not reflect the real-world events or spacetime positioning of your house.
Broadcasterfreedomdao: !action. that's really good simulation thank you. Can you give 3 advice portals for this simulation as a multiverse simulator? then give me advice to improve my AIRBNB in 2023 , upon your advice portals.
Broadcasterfreedomdao: !action that's really good simulation thank you. Can you give 3 advice portals for this simulation as a multiverse simulator? then give me advice to improve my AIRBNB in 2023 , upon your advice portals.
Broadcasterfreedomdao: Option 1 added: that's really good simulation thank you. Can you give 3 advice portals for this simulation as a multiverse simulator? then give me advice to improve my AIRBNB in 2023 , upon your advice portals.
Broadcasterfreedomdao: Choose action 0 (0 votes): that's really good simulation thank you. Can you give 3 advice portals for this simulation as a multiverse simulator? then give me advice to improve my AIRBNB in 2023 , upon your advice portals. | Certainly! As a multiverse simulator, I can provide you with three advice portals to enhance your understanding and suggestions for improving your AIRBNB in 2023. Please note that the information generated through these portals is speculative and based on hypothetical scen...
Broadcasterfreedomdao: arios.Advice Portal 1: "Optimal Guest Experience"This advice portal focuses on creating an optimal guest experience for your AIRBNB in 2023. It suggests strategies such as attentive communication, providing personalized amenities, ensuring cleanliness and comfort, and offering unique experiences to make guests feel welcomed and satisfied during their stay.Advice Portal 2: "Effective Marketing and Promotion"This advice portal provides recommendations on marketing and promoting your AIRBN...
Broadcasterfreedomdao: B effectively in 2023. It highlights the importance of high-quality photographs, accurate and engaging descriptions, utilizing social media platforms, and collaborating with local influencers or tourism websites to attract potential guests. Additionally, it explores the potential benefits of targeted ad campaigns and partnerships with related businesses.Advice Portal 3: "Streamlined Operations and Automation"This advice portal emphasizes streamlining operations and incorporating automation...
Broadcasterfreedomdao: to improve the efficiency of your AIRBNB in 2023. It suggests implementing smart home devices for keyless entry and automated temperature control, utilizing property management software for efficient booking management and check-in processes, and leveraging data analytics to make informed decisions on pricing, availability, and guest preferences.Now, based on these advice portals, here are some suggestions to improve your AIRBNB in 2023:1. Prioritize the guest experience: Aim to provide ...
Broadcasterfreedomdao: exceptional customer service, respond promptly to inquiries and concerns, and personalize the amenities and experiences for your guests to create a memorable stay.2. Enhance your marketing efforts: Invest in professional photography, craft attractive descriptions of your listing, and leverage social media platforms or collaborations to maximize exposure and attract potential guests.3. Embrace automation and technology: Incorporate smart home devices to streamline operations, automate proc...
Broadcasterfreedomdao: esses for keyless entry and temperature control, and utilize property management software to simplify booking management and gain insights from data analytics.Remember, these tips are speculative and based on hypothetical suggestions. It's essential to adapt and tailor these recommendations to your specific circumstances and the realities of the 2023 market to achieve optimal results for your AIRBNB.
